[14:33:28.525] [INFO] storybook v10.2.8
[14:33:29.452] [DEBUG] Getting package.json info for C:/Users/theho/Desktop/nauka/projekty-portfolio/time-capsule/packages/ui/package.json...
[14:33:30.139] [WARN] Using CommonJS in your main configuration file is deprecated with Vite.
- Refer to the migration guide at https://github.com/storybookjs/storybook/blob/next/MIGRATION.md#commonjs-with-vite-is-deprecated
[14:33:31.298] [INFO] Starting...
[14:33:32.864] [DEBUG] Starting preview..
[14:33:32.882] [WARN] 🚨 Unable to index ./src/components/TextArea/TextArea.stories.tsx,./src/components/TextInput/TextInput.stories.tsx:
  Error: Duplicate stories with id: components-textinput--primary
    at _StoryIndexGenerator.chooseDuplicate (file:///C:/Users/theho/Desktop/nauka/projekty-portfolio/time-capsule/packages/ui/node_modules/storybook/dist/core-server/index.js:6028:13)
    at file:///C:/Users/theho/Desktop/nauka/projekty-portfolio/time-capsule/packages/ui/node_modules/storybook/dist/core-server/index.js:6087:52
    at Array.forEach (<anonymous>)
    at _StoryIndexGenerator.getIndexAndStats (file:///C:/Users/theho/Desktop/nauka/projekty-portfolio/time-capsule/packages/ui/node_modules/storybook/dist/core-server/index.js:6084:23)
    at async _StoryIndexGenerator.getIndex (file:///C:/Users/theho/Desktop/nauka/projekty-portfolio/time-capsule/packages/ui/node_modules/storybook/dist/core-server/index.js:6071:13)
    at async getOptimizeDeps (file:///C:/Users/theho/Desktop/nauka/projekty-portfolio/time-capsule/packages/ui/node_modules/@storybook/builder-vite/dist/index.js:1862:15)
    at async createViteServer (file:///C:/Users/theho/Desktop/nauka/projekty-portfolio/time-capsule/packages/ui/node_modules/@storybook/builder-vite/dist/index.js:1888:19)
    at async Module.start (file:///C:/Users/theho/Desktop/nauka/projekty-portfolio/time-capsule/packages/ui/node_modules/@storybook/builder-vite/dist/index.js:1923:17)
    at async storybookDevServer (file:///C:/Users/theho/Desktop/nauka/projekty-portfolio/time-capsule/packages/ui/node_modules/storybook/dist/core-server/index.js:7207:83)
    at async buildOrThrow (file:///C:/Users/theho/Desktop/nauka/projekty-portfolio/time-capsule/packages/ui/node_modules/storybook/dist/core-server/index.js:4504:12)
[14:33:32.886] [ERROR] Failed to build the preview
[14:33:32.887] [ERROR] Error: Unable to index ./src/components/TextArea/TextArea.stories.tsx,./src/components/TextInput/TextInput.stories.tsx
    at _StoryIndexGenerator.getIndexAndStats (file:///C:/Users/theho/Desktop/nauka/projekty-portfolio/time-capsule/packages/ui/node_modules/storybook/dist/core-server/index.js:6092:15)
    at async _StoryIndexGenerator.getIndex (file:///C:/Users/theho/Desktop/nauka/projekty-portfolio/time-capsule/packages/ui/node_modules/storybook/dist/core-server/index.js:6071:13)
    at async getOptimizeDeps (file:///C:/Users/theho/Desktop/nauka/projekty-portfolio/time-capsule/packages/ui/node_modules/@storybook/builder-vite/dist/index.js:1862:15)
    at async createViteServer (file:///C:/Users/theho/Desktop/nauka/projekty-portfolio/time-capsule/packages/ui/node_modules/@storybook/builder-vite/dist/index.js:1888:19)
    at async Module.start (file:///C:/Users/theho/Desktop/nauka/projekty-portfolio/time-capsule/packages/ui/node_modules/@storybook/builder-vite/dist/index.js:1923:17)
    at async storybookDevServer (file:///C:/Users/theho/Desktop/nauka/projekty-portfolio/time-capsule/packages/ui/node_modules/storybook/dist/core-server/index.js:7207:83)
    at async buildOrThrow (file:///C:/Users/theho/Desktop/nauka/projekty-portfolio/time-capsule/packages/ui/node_modules/storybook/dist/core-server/index.js:4504:12)
    at async buildDevStandalone (file:///C:/Users/theho/Desktop/nauka/projekty-portfolio/time-capsule/packages/ui/node_modules/storybook/dist/core-server/index.js:7577:66)
    at async withTelemetry (file:///C:/Users/theho/Desktop/nauka/projekty-portfolio/time-capsule/packages/ui/node_modules/storybook/dist/_node-chunks/chunk-KIOKJLL5.js:218:12)
    at async dev (file:///C:/Users/theho/Desktop/nauka/projekty-portfolio/time-capsule/packages/ui/node_modules/storybook/dist/bin/core.js:2734:3)
[14:33:32.889] [WARN] Broken build, fix the error above.
You may need to refresh the browser.